C:\Program Files\Microsoft Visual Studio\2022\Community\MSBuild\Microsoft\VC\v170\Microsoft.CppBuild.targets(531,5): warning MSB8028: 중간 디렉터리(Debug\)에 다른 프로젝트(Default.vcxproj, WINPI.vcxproj)에서 공유하는 파일이 포함되어 있습니다.  이로 인해 잘못된 정리 및 다시 빌드 동작이 수행될 수 있습니다.
  Default.cpp
C:\Users\sec\Desktop\넷겜플_git\NeworkGame\api\DefaultWindow\Default\NetworkManager.h(68,47): warning C4244: '인수': 'float'에서 'int'(으)로 변환하면서 데이터가 손실될 수 있습니다.
C:\Users\sec\Desktop\넷겜플_git\NeworkGame\api\DefaultWindow\Default\NetworkManager.h(87,32): warning C4244: '인수': 'int'에서 'float'(으)로 변환하면서 데이터가 손실될 수 있습니다.
C:\Users\sec\Desktop\넷겜플_git\NeworkGame\api\DefaultWindow\Default\NetworkManager.h(97,18): warning C4244: '인수': 'float'에서 'int'(으)로 변환하면서 데이터가 손실될 수 있습니다.
C:\Users\sec\Desktop\넷겜플_git\NeworkGame\api\DefaultWindow\Default\NetworkManager.h(111,29): warning C4244: '인수': 'int'에서 'float'(으)로 변환하면서 데이터가 손실될 수 있습니다.
C:\Users\sec\Desktop\넷겜플_git\NeworkGame\api\DefaultWindow\Default\Default.cpp(55,9): warning C4101: 'len' :참조되지 않은 지역 변수입니다.
  NetworkManager.cpp
C:\Users\sec\Desktop\넷겜플_git\NeworkGame\api\DefaultWindow\Default\NetworkManager.h(68,47): warning C4244: '인수': 'float'에서 'int'(으)로 변환하면서 데이터가 손실될 수 있습니다.
C:\Users\sec\Desktop\넷겜플_git\NeworkGame\api\DefaultWindow\Default\NetworkManager.h(87,32): warning C4244: '인수': 'int'에서 'float'(으)로 변환하면서 데이터가 손실될 수 있습니다.
C:\Users\sec\Desktop\넷겜플_git\NeworkGame\api\DefaultWindow\Default\NetworkManager.h(97,18): warning C4244: '인수': 'float'에서 'int'(으)로 변환하면서 데이터가 손실될 수 있습니다.
C:\Users\sec\Desktop\넷겜플_git\NeworkGame\api\DefaultWindow\Default\NetworkManager.h(111,29): warning C4244: '인수': 'int'에서 'float'(으)로 변환하면서 데이터가 손실될 수 있습니다.
  Opp.cpp
C:\Users\sec\Desktop\넷겜플_git\NeworkGame\api\DefaultWindow\Default\NetworkManager.h(68,47): warning C4244: '인수': 'float'에서 'int'(으)로 변환하면서 데이터가 손실될 수 있습니다.
C:\Users\sec\Desktop\넷겜플_git\NeworkGame\api\DefaultWindow\Default\NetworkManager.h(87,32): warning C4244: '인수': 'int'에서 'float'(으)로 변환하면서 데이터가 손실될 수 있습니다.
C:\Users\sec\Desktop\넷겜플_git\NeworkGame\api\DefaultWindow\Default\NetworkManager.h(97,18): warning C4244: '인수': 'float'에서 'int'(으)로 변환하면서 데이터가 손실될 수 있습니다.
C:\Users\sec\Desktop\넷겜플_git\NeworkGame\api\DefaultWindow\Default\NetworkManager.h(111,29): warning C4244: '인수': 'int'에서 'float'(으)로 변환하면서 데이터가 손실될 수 있습니다.
C:\Users\sec\Desktop\넷겜플_git\NeworkGame\api\DefaultWindow\Default\Opp.cpp(207,18): warning C4244: '+=': 'float'에서 'int'(으)로 변환하면서 데이터가 손실될 수 있습니다.
C:\Users\sec\Desktop\넷겜플_git\NeworkGame\api\DefaultWindow\Default\Opp.cpp(254,30): warning C4018: '<': signed 또는 unsigned가 일치하지 않습니다.
C:\Users\sec\Desktop\넷겜플_git\NeworkGame\api\DefaultWindow\Default\Opp.cpp(282,27): warning C4018: '<=': signed 또는 unsigned가 일치하지 않습니다.
C:\Users\sec\Desktop\넷겜플_git\NeworkGame\api\DefaultWindow\Default\Opp.cpp(304,30): warning C4018: '<': signed 또는 unsigned가 일치하지 않습니다.
C:\Users\sec\Desktop\넷겜플_git\NeworkGame\api\DefaultWindow\Default\Opp.cpp(336,31): warning C4018: '<': signed 또는 unsigned가 일치하지 않습니다.
C:\Users\sec\Desktop\넷겜플_git\NeworkGame\api\DefaultWindow\Default\Opp.cpp(381,55): warning C4018: '<': signed 또는 unsigned가 일치하지 않습니다.
C:\Users\sec\Desktop\넷겜플_git\NeworkGame\api\DefaultWindow\Default\Opp.cpp(426,27): warning C4018: '>': signed 또는 unsigned가 일치하지 않습니다.
C:\Users\sec\Desktop\넷겜플_git\NeworkGame\api\DefaultWindow\Default\Opp.cpp(426,67): warning C4018: '<': signed 또는 unsigned가 일치하지 않습니다.
C:\Users\sec\Desktop\넷겜플_git\NeworkGame\api\DefaultWindow\Default\Opp.cpp(430,32): warning C4018: '>': signed 또는 unsigned가 일치하지 않습니다.
C:\Users\sec\Desktop\넷겜플_git\NeworkGame\api\DefaultWindow\Default\Opp.cpp(430,73): warning C4018: '<': signed 또는 unsigned가 일치하지 않습니다.
C:\Users\sec\Desktop\넷겜플_git\NeworkGame\api\DefaultWindow\Default\Opp.cpp(435,32): warning C4018: '<': signed 또는 unsigned가 일치하지 않습니다.
C:\Users\sec\Desktop\넷겜플_git\NeworkGame\api\DefaultWindow\Default\Opp.cpp(452,30): warning C4018: '<': signed 또는 unsigned가 일치하지 않습니다.
C:\Users\sec\Desktop\넷겜플_git\NeworkGame\api\DefaultWindow\Default\Opp.cpp(467,30): warning C4018: '<': signed 또는 unsigned가 일치하지 않습니다.
C:\Users\sec\Desktop\넷겜플_git\NeworkGame\api\DefaultWindow\Default\Opp.cpp(482,30): warning C4018: '<': signed 또는 unsigned가 일치하지 않습니다.
C:\Users\sec\Desktop\넷겜플_git\NeworkGame\api\DefaultWindow\Default\Opp.cpp(506,24): warning C4018: '<': signed 또는 unsigned가 일치하지 않습니다.
C:\Users\sec\Desktop\넷겜플_git\NeworkGame\api\DefaultWindow\Default\Opp.cpp(550,29): warning C4018: '<': signed 또는 unsigned가 일치하지 않습니다.
C:\Users\sec\Desktop\넷겜플_git\NeworkGame\api\DefaultWindow\Default\Opp.cpp(624,30): warning C4018: '<': signed 또는 unsigned가 일치하지 않습니다.
C:\Users\sec\Desktop\넷겜플_git\NeworkGame\api\DefaultWindow\Default\Opp.cpp(930,28): warning C4018: '<': signed 또는 unsigned가 일치하지 않습니다.
  Player.cpp
C:\Users\sec\Desktop\넷겜플_git\NeworkGame\api\DefaultWindow\Default\NetworkManager.h(68,47): warning C4244: '인수': 'float'에서 'int'(으)로 변환하면서 데이터가 손실될 수 있습니다.
C:\Users\sec\Desktop\넷겜플_git\NeworkGame\api\DefaultWindow\Default\NetworkManager.h(87,32): warning C4244: '인수': 'int'에서 'float'(으)로 변환하면서 데이터가 손실될 수 있습니다.
C:\Users\sec\Desktop\넷겜플_git\NeworkGame\api\DefaultWindow\Default\NetworkManager.h(97,18): warning C4244: '인수': 'float'에서 'int'(으)로 변환하면서 데이터가 손실될 수 있습니다.
C:\Users\sec\Desktop\넷겜플_git\NeworkGame\api\DefaultWindow\Default\NetworkManager.h(111,29): warning C4244: '인수': 'int'에서 'float'(으)로 변환하면서 데이터가 손실될 수 있습니다.
C:\Users\sec\Desktop\넷겜플_git\NeworkGame\api\DefaultWindow\Default\Player.cpp(201,18): warning C4244: '+=': 'float'에서 'int'(으)로 변환하면서 데이터가 손실될 수 있습니다.
C:\Users\sec\Desktop\넷겜플_git\NeworkGame\api\DefaultWindow\Default\Player.cpp(248,30): warning C4018: '<': signed 또는 unsigned가 일치하지 않습니다.
C:\Users\sec\Desktop\넷겜플_git\NeworkGame\api\DefaultWindow\Default\Player.cpp(258,27): warning C4018: '<': signed 또는 unsigned가 일치하지 않습니다.
C:\Users\sec\Desktop\넷겜플_git\NeworkGame\api\DefaultWindow\Default\Player.cpp(270,27): warning C4018: '<': signed 또는 unsigned가 일치하지 않습니다.
C:\Users\sec\Desktop\넷겜플_git\NeworkGame\api\DefaultWindow\Default\Player.cpp(296,27): warning C4018: '<=': signed 또는 unsigned가 일치하지 않습니다.
C:\Users\sec\Desktop\넷겜플_git\NeworkGame\api\DefaultWindow\Default\Player.cpp(318,30): warning C4018: '<': signed 또는 unsigned가 일치하지 않습니다.
C:\Users\sec\Desktop\넷겜플_git\NeworkGame\api\DefaultWindow\Default\Player.cpp(350,31): warning C4018: '<': signed 또는 unsigned가 일치하지 않습니다.
C:\Users\sec\Desktop\넷겜플_git\NeworkGame\api\DefaultWindow\Default\Player.cpp(395,55): warning C4018: '<': signed 또는 unsigned가 일치하지 않습니다.
C:\Users\sec\Desktop\넷겜플_git\NeworkGame\api\DefaultWindow\Default\Player.cpp(440,27): warning C4018: '>': signed 또는 unsigned가 일치하지 않습니다.
C:\Users\sec\Desktop\넷겜플_git\NeworkGame\api\DefaultWindow\Default\Player.cpp(440,67): warning C4018: '<': signed 또는 unsigned가 일치하지 않습니다.
C:\Users\sec\Desktop\넷겜플_git\NeworkGame\api\DefaultWindow\Default\Player.cpp(444,32): warning C4018: '>': signed 또는 unsigned가 일치하지 않습니다.
C:\Users\sec\Desktop\넷겜플_git\NeworkGame\api\DefaultWindow\Default\Player.cpp(444,73): warning C4018: '<': signed 또는 unsigned가 일치하지 않습니다.
C:\Users\sec\Desktop\넷겜플_git\NeworkGame\api\DefaultWindow\Default\Player.cpp(449,32): warning C4018: '<': signed 또는 unsigned가 일치하지 않습니다.
C:\Users\sec\Desktop\넷겜플_git\NeworkGame\api\DefaultWindow\Default\Player.cpp(466,30): warning C4018: '<': signed 또는 unsigned가 일치하지 않습니다.
C:\Users\sec\Desktop\넷겜플_git\NeworkGame\api\DefaultWindow\Default\Player.cpp(481,30): warning C4018: '<': signed 또는 unsigned가 일치하지 않습니다.
C:\Users\sec\Desktop\넷겜플_git\NeworkGame\api\DefaultWindow\Default\Player.cpp(496,30): warning C4018: '<': signed 또는 unsigned가 일치하지 않습니다.
C:\Users\sec\Desktop\넷겜플_git\NeworkGame\api\DefaultWindow\Default\Player.cpp(520,24): warning C4018: '<': signed 또는 unsigned가 일치하지 않습니다.
C:\Users\sec\Desktop\넷겜플_git\NeworkGame\api\DefaultWindow\Default\Player.cpp(564,29): warning C4018: '<': signed 또는 unsigned가 일치하지 않습니다.
C:\Users\sec\Desktop\넷겜플_git\NeworkGame\api\DefaultWindow\Default\Player.cpp(638,30): warning C4018: '<': signed 또는 unsigned가 일치하지 않습니다.
C:\Users\sec\Desktop\넷겜플_git\NeworkGame\api\DefaultWindow\Default\Player.cpp(942,28): warning C4018: '<': signed 또는 unsigned가 일치하지 않습니다.
  Robby.cpp
C:\Users\sec\Desktop\넷겜플_git\NeworkGame\api\DefaultWindow\Default\NetworkManager.h(68,47): warning C4244: '인수': 'float'에서 'int'(으)로 변환하면서 데이터가 손실될 수 있습니다.
C:\Users\sec\Desktop\넷겜플_git\NeworkGame\api\DefaultWindow\Default\NetworkManager.h(87,32): warning C4244: '인수': 'int'에서 'float'(으)로 변환하면서 데이터가 손실될 수 있습니다.
C:\Users\sec\Desktop\넷겜플_git\NeworkGame\api\DefaultWindow\Default\NetworkManager.h(97,18): warning C4244: '인수': 'float'에서 'int'(으)로 변환하면서 데이터가 손실될 수 있습니다.
C:\Users\sec\Desktop\넷겜플_git\NeworkGame\api\DefaultWindow\Default\NetworkManager.h(111,29): warning C4244: '인수': 'int'에서 'float'(으)로 변환하면서 데이터가 손실될 수 있습니다.
C:\Users\sec\Desktop\넷겜플_git\NeworkGame\api\DefaultWindow\Default\Robby.cpp(141,26): warning C4018: '<': signed 또는 unsigned가 일치하지 않습니다.
C:\Users\sec\Desktop\넷겜플_git\NeworkGame\api\DefaultWindow\Default\Robby.cpp(187,30): warning C4018: '<=': signed 또는 unsigned가 일치하지 않습니다.
C:\Users\sec\Desktop\넷겜플_git\NeworkGame\api\DefaultWindow\Default\Robby.cpp(631,7): warning C4244: '인수': 'float'에서 'int'(으)로 변환하면서 데이터가 손실될 수 있습니다.
C:\Users\sec\Desktop\넷겜플_git\NeworkGame\api\DefaultWindow\Default\Robby.cpp(626,7): warning C4244: '인수': 'float'에서 'int'(으)로 변환하면서 데이터가 손실될 수 있습니다.
  Ui.cpp
C:\Users\sec\Desktop\넷겜플_git\NeworkGame\api\DefaultWindow\Default\NetworkManager.h(68,47): warning C4244: '인수': 'float'에서 'int'(으)로 변환하면서 데이터가 손실될 수 있습니다.
C:\Users\sec\Desktop\넷겜플_git\NeworkGame\api\DefaultWindow\Default\NetworkManager.h(87,32): warning C4244: '인수': 'int'에서 'float'(으)로 변환하면서 데이터가 손실될 수 있습니다.
C:\Users\sec\Desktop\넷겜플_git\NeworkGame\api\DefaultWindow\Default\NetworkManager.h(97,18): warning C4244: '인수': 'float'에서 'int'(으)로 변환하면서 데이터가 손실될 수 있습니다.
C:\Users\sec\Desktop\넷겜플_git\NeworkGame\api\DefaultWindow\Default\NetworkManager.h(111,29): warning C4244: '인수': 'int'에서 'float'(으)로 변환하면서 데이터가 손실될 수 있습니다.
C:\Users\sec\Desktop\넷겜플_git\NeworkGame\api\DefaultWindow\Default\Ui.cpp(145,63): warning C4244: '=': 'float'에서 'LONG'(으)로 변환하면서 데이터가 손실될 수 있습니다.
C:\Users\sec\Desktop\넷겜플_git\NeworkGame\api\DefaultWindow\Default\Ui.cpp(150,60): warning C4244: '=': 'float'에서 'LONG'(으)로 변환하면서 데이터가 손실될 수 있습니다.
C:\Users\sec\Desktop\넷겜플_git\NeworkGame\api\DefaultWindow\Default\Ui.cpp(156,66): warning C4244: '=': 'float'에서 'LONG'(으)로 변환하면서 데이터가 손실될 수 있습니다.
C:\Users\sec\Desktop\넷겜플_git\NeworkGame\api\DefaultWindow\Default\Ui.cpp(161,63): warning C4244: '=': 'float'에서 'LONG'(으)로 변환하면서 데이터가 손실될 수 있습니다.
  코드를 생성하고 있습니다...
C:\Users\sec\Desktop\넷겜플_git\NeworkGame\api\DefaultWindow\Default\Ui.cpp(115): warning C4172: 지역 변수 또는 임시의 주소를 반환하고 있습니다.
C:\Users\sec\Desktop\넷겜플_git\NeworkGame\api\DefaultWindow\Default\Player.cpp(625): warning C4715: 'CPlayer::Set_State': 모든 제어 경로에서 값을 반환하지는 않습니다.
C:\Users\sec\Desktop\넷겜플_git\NeworkGame\api\DefaultWindow\Default\Player.cpp(528): warning C4172: 지역 변수 또는 임시의 주소를 반환하고 있습니다.
C:\Users\sec\Desktop\넷겜플_git\NeworkGame\api\DefaultWindow\Default\Opp.cpp(611): warning C4715: 'COpp::Set_State': 모든 제어 경로에서 값을 반환하지는 않습니다.
C:\Users\sec\Desktop\넷겜플_git\NeworkGame\api\DefaultWindow\Default\Opp.cpp(514): warning C4172: 지역 변수 또는 임시의 주소를 반환하고 있습니다.
C:\Users\sec\Desktop\넷겜플_git\NeworkGame\api\DefaultWindow\Default\NetworkManager.h(92): warning C4715: 'CNetworkManager::Recv_AllReady': 모든 제어 경로에서 값을 반환하지는 않습니다.
  Default.vcxproj -> C:\Users\sec\Desktop\넷겜플_git\NeworkGame\api\DefaultWindow\Debug\WINAPI.exe
